\BOOKMARK [1][-]{section.1}{Introduction}{}
\BOOKMARK [1][-]{section.2}{Our Game}{}
\BOOKMARK [1][-]{section.3}{The Levels}{}
\BOOKMARK [2][-]{subsection.3.1}{Level 1}{section.3}
\BOOKMARK [2][-]{subsection.3.2}{Level 2}{section.3}
\BOOKMARK [2][-]{subsection.3.3}{Level 3}{section.3}
\BOOKMARK [2][-]{subsection.3.4}{Level 4}{section.3}
\BOOKMARK [2][-]{subsection.3.5}{Level 5}{section.3}
\BOOKMARK [2][-]{subsection.3.6}{Level 6}{section.3}
\BOOKMARK [2][-]{subsection.3.7}{Level 7}{section.3}
\BOOKMARK [2][-]{subsection.3.8}{Level 8}{section.3}
\BOOKMARK [1][-]{section.4}{Setup}{}
\BOOKMARK [2][-]{subsection.4.1}{Block Device File}{section.4}
\BOOKMARK [2][-]{subsection.4.2}{Filesystem Tarball}{section.4}
\BOOKMARK [2][-]{subsection.4.3}{Amazon AMI}{section.4}
\BOOKMARK [2][-]{subsection.4.4}{Manual Configuration}{section.4}
\BOOKMARK [3][-]{subsubsection.4.4.1}{Level 1}{subsection.4.4}
\BOOKMARK [3][-]{subsubsection.4.4.2}{Level 2}{subsection.4.4}
\BOOKMARK [3][-]{subsubsection.4.4.3}{Level 3}{subsection.4.4}
\BOOKMARK [3][-]{subsubsection.4.4.4}{Level 4}{subsection.4.4}
\BOOKMARK [3][-]{subsubsection.4.4.5}{Level 5}{subsection.4.4}
\BOOKMARK [3][-]{subsubsection.4.4.6}{Level 6}{subsection.4.4}
\BOOKMARK [3][-]{subsubsection.4.4.7}{Level 7}{subsection.4.4}
\BOOKMARK [3][-]{subsubsection.4.4.8}{Level 8}{subsection.4.4}
\BOOKMARK [1][-]{section.5}{Playing the Game}{}
\BOOKMARK [1][-]{section.6}{Distribution}{}
